<?xml version="1.0" encoding="UTF-8"?>
<!-- Generated by org.testng.reporters.JUnitReportReporter -->
<testsuite hostname="LAPTOP-GV5T9NQH" failures="0" tests="2" name="testNGRunner.runnerFile" time="0.099" errors="0" timestamp="2025-06-11T22:00:47 IST" skipped="0">
  <testcase classname="testNGRunner.runnerFile" name="runScenario" time="0.006"/>
  <testcase classname="testNGRunner.runnerFile" name="runScenario" time="0.093"/>
</testsuite> <!-- testNGRunner.runnerFile -->
