<?xml version="1.0" encoding="UTF-8"?>
<!-- Generated by org.testng.reporters.JUnitReportReporter -->
<testsuite hostname="LAPTOP-GV5T9NQH" failures="0" tests="1" name="testNGRunner.runnerFile" time="0.107" errors="0" timestamp="2025-06-14T12:27:30 IST" skipped="0">
  <testcase classname="testNGRunner.runnerFile" name="runScenario" time="0.107"/>
</testsuite> <!-- testNGRunner.runnerFile -->
