<?xml version="1.0" encoding="UTF-8"?>
<!-- Generated by org.testng.reporters.JUnitReportReporter -->
<testsuite hostname="LAPTOP-GV5T9NQH" failures="0" tests="1" name="testNGRunner.runnerFile" time="0.122" errors="0" timestamp="2025-06-12T20:26:57 IST" skipped="0">
  <testcase classname="testNGRunner.runnerFile" name="runScenario" time="0.122"/>
</testsuite> <!-- testNGRunner.runnerFile -->
