<?xml version="1.0" encoding="UTF-8"?>
<!-- Generated by org.testng.reporters.JUnitReportReporter -->
<testsuite hostname="LAPTOP-GV5T9NQH" failures="0" tests="4" name="testNGRunner.runnerFile" time="0.108" errors="0" timestamp="2025-06-13T19:59:56 IST" skipped="0">
  <testcase classname="testNGRunner.runnerFile" name="runScenario" time="0.100"/>
  <testcase classname="testNGRunner.runnerFile" name="runScenario" time="0.002"/>
  <testcase classname="testNGRunner.runnerFile" name="runScenario" time="0.004"/>
  <testcase classname="testNGRunner.runnerFile" name="runScenario" time="0.002"/>
</testsuite> <!-- testNGRunner.runnerFile -->
