<?xml version="1.0" encoding="UTF-8"?>
<!-- Generated by org.testng.reporters.JUnitReportReporter -->
<testsuite hostname="LAPTOP-GV5T9NQH" failures="0" tests="2" name="testNGRunner.runnerFile" time="0.080" errors="0" timestamp="2025-06-17T20:09:51 IST" skipped="0">
  <testcase classname="testNGRunner.runnerFile" name="runScenario" time="0.076"/>
  <testcase classname="testNGRunner.runnerFile" name="runScenario" time="0.004"/>
</testsuite> <!-- testNGRunner.runnerFile -->
